<?xml version="1.0" encoding="UTF-8"?>
<!-- Generated by org.testng.reporters.JUnitXMLReporter -->
<testsuite hostname="Er-Kamil-Computer" ignored="4" name="Test1" tests="2" failures="0" timestamp="29 Mar 2020 11:27:17 GMT" time="0.054" errors="0">
  <testcase name="deleteUser" time="0.016" classname="TestNG_Package.ModuleWiseExecutionDemo"/>
  <testcase name="editUser" time="0.004" classname="TestNG_Package.ModuleWiseExecutionDemo"/>
  <testcase name="createproduct" time="0.0" classname="TestNG_Package.ModuleWiseExecutionDemo">
    <ignored/>
  </testcase> <!-- createproduct -->
  <testcase name="createUser" time="0.0" classname="TestNG_Package.ModuleWiseExecutionDemo">
    <ignored/>
  </testcase> <!-- createUser -->
  <testcase name="editproduct" time="0.0" classname="TestNG_Package.ModuleWiseExecutionDemo">
    <ignored/>
  </testcase> <!-- editproduct -->
  <testcase name="deleteproduct" time="0.0" classname="TestNG_Package.ModuleWiseExecutionDemo">
    <ignored/>
  </testcase> <!-- deleteproduct -->
</testsuite> <!-- Test1 -->
